20200513-11:33:37.279 : Created session
20200513-11:33:37.347 : Connecting to 127.0.0.1 on port 11702
20200513-11:33:37.402 : Connection succeeded
20200513-11:33:37.457 : Initiated logon request
20200513-11:33:42.249 : Received logon
20200513-11:36:19.019 : Initiated logout request
20200513-11:36:19.137 : Received logout response
20200513-11:36:19.138 : Session FIX.4.2:ZDDEV->TTORDER disconnecting: Received logout response
20200513-11:39:36.113 : Created session
20200513-11:39:36.166 : Connecting to 127.0.0.1 on port 11702
20200513-11:39:36.182 : Connection succeeded
20200513-11:39:36.221 : Initiated logon request
20200513-11:39:45.063 : Received logon
20200513-11:40:35.883 : Initiated logout request
20200513-11:40:36.110 : Received logout response
20200513-11:40:36.112 : Session FIX.4.2:ZDDEV->TTORDER disconnecting: Received logout response
20200513-11:50:01.510 : Created session
20200513-11:50:01.554 : Connecting to 127.0.0.1 on port 11702
20200513-11:50:01.587 : Connection succeeded
20200513-11:50:01.636 : Initiated logon request
20200513-11:50:06.360 : Received logon
