2020-05-13 19:33:36.8362 INFO TradeApp::Start() called
2020-05-13 19:33:37.2772 INFO ## OnCreate: FIX.4.2:ZDDEV->TTORDER
2020-05-13 19:33:42.2552 INFO ==OnLogon: FIX.4.2:ZDDEV->TTORDER==
2020-05-13 19:34:36.9132 INFO ORDER001@@system1@0047@00000@ZD_001@NYBOT@@@&@ZD_001@system1@@1000048@1000048@1@@NYBOT@DX_P2012 75.500@1@1@0.595@0@@1@1@@2020-05-13@11:34:47@@@@@@1@@@@@@
2020-05-13 19:35:01.9762 INFO CANCST01@@system1@0047@00000@ZD_001@NYBOT@@@&@ZD_001@system1@1000048@1000048@NYBOT@DX_P2012 75.500@1@1@0.595@0@0@@1@@2020-05-13@11:35:12@@@
2020-05-13 19:35:08.1512 INFO ORDER001@@system1@0047@00000@ZD_001@NYBOT@@@&@ZD_001@system1@@1000050@1000050@1@@NYBOT@DX_P2012 75.500@1@1@0.595@0@@1@1@@2020-05-13@11:35:18@@@@@@1@@@@@@
2020-05-13 19:35:56.5642 INFO MODIFY01@@system1@0047@00000@ZD_001@NYBOT@@@&@ZD_001@system1@@1000050@1000050@@@NYBOT@DX_P2012 75.500@1@2@0.595@0@@1@1@@2020-05-13@11:36:07@@@@@@1@@@@@@
2020-05-13 19:36:07.8492 INFO CANCST01@@system1@0047@00000@ZD_001@NYBOT@@@&@ZD_001@system1@1000050@1000050@NYBOT@DX_P2012 75.500@1@2@0.595@0@0@@1@@2020-05-13@11:36:18@@@
2020-05-13 19:36:15.0192 INFO ORDER001@@system1@0047@00000@ZD_001@NYBOT@@@&@ZD_001@system1@@1000053@1000053@1@@NYBOT@DX_P2012 75.500@1@2@0.595@0@@1@1@@2020-05-13@11:36:25@@@@@@2@@@@@@
2020-05-13 19:36:18.3152 INFO TradeApp::Stop() called
2020-05-13 19:36:19.1362 INFO ==OnLogout: FIX.4.2:ZDDEV->TTORDER==
2020-05-13 19:39:35.8632 INFO TradeApp::Start() called
2020-05-13 19:39:36.1122 INFO ## OnCreate: FIX.4.2:ZDDEV->TTORDER
2020-05-13 19:39:45.0672 INFO ==OnLogon: FIX.4.2:ZDDEV->TTORDER==
2020-05-13 19:40:14.2002 INFO CANCST01@@system1@@20014@ZD_001@@CxlRejectReason(Tag102):1-Order not in book@@&@@@1000047@@@@@@@@@@@@@@@@
2020-05-13 19:40:25.9112 INFO CANCST01@@system1@0047@00000@ZD_001@NYBOT@@@&@ZD_001@system1@1000053@1000053@NYBOT@DX_P2012 75.500@1@2@0.595@0@0@@1@@2020-05-13@11:40:36@@@
2020-05-13 19:40:35.2912 INFO TradeApp::Stop() called
2020-05-13 19:40:36.1102 INFO ==OnLogout: FIX.4.2:ZDDEV->TTORDER==
2020-05-13 19:50:01.2532 INFO TradeApp::Start() called
2020-05-13 19:50:01.5092 INFO ## OnCreate: FIX.4.2:ZDDEV->TTORDER
2020-05-13 19:50:06.3592 INFO ==OnLogon: FIX.4.2:ZDDEV->TTORDER==
2020-05-13 19:51:36.8232 INFO ORDER001@@system1@0047@00000@ZD_001@NYBOT@@@&@ZD_001@system1@@1000056@1000056@1@@NYBOT@DX_P2012 75.50@1@1@0.595@0@@1@1@@2020-05-13@11:51:47@@@@@@1@@@@@@
