2020-05-12 19:52:15.8210 INFO TradeApp::Start() called
2020-05-12 19:52:16.2650 INFO ## OnCreate: FIX.4.2:ZDDEV->TTORDER
2020-05-12 19:52:24.1290 INFO ==OnLogon: FIX.4.2:ZDDEV->TTORDER==
2020-05-12 19:53:07.5170 INFO ORDER001@@system1@0047@20000@@ICE@server exception@@&@@@@@ICE@SB_P2010 14@1@1@14@@1@@@59.30@1@@@@
2020-05-12 19:53:37.5140 INFO ORDER001@@system1@0047@20004@ZD_001@NYBOT@OrdRejectReason(Tag103):99- Instrument not found by ALIAS=DX Oct20 P14 symbol=DX32@@&@ZD_001@system1@@1000037@@1@1@NYBOT@DX_P2010 14.00@1@1@14@0@@1@1@@2020-05-12@11:53:38@@@@@@@@@@@@
2020-05-12 20:01:15.8970 INFO TradeApp::Start() called
2020-05-12 20:01:16.0760 INFO ## OnCreate: FIX.4.2:ZDDEV->TTORDER
2020-05-12 20:01:22.1190 INFO ==OnLogon: FIX.4.2:ZDDEV->TTORDER==
2020-05-12 20:02:43.4010 INFO ORDER001@@system1@0047@20004@ZD_001@NYBOT@OrdRejectReason(Tag103):3-Price is outside of Reasonability Limit of 0.605@@&@ZD_001@system1@@1000036@@1@1@NYBOT@DX_P2012 75.5000@1@1@14@0@@1@1@@2020-05-12@12:02:44@@@@@@@@@@@@
2020-05-12 20:03:57.2690 INFO TradeApp::Start() called
2020-05-12 20:03:57.4090 INFO ## OnCreate: FIX.4.2:ZDDEV->TTORDER
2020-05-12 20:04:02.9210 INFO ==OnLogon: FIX.4.2:ZDDEV->TTORDER==
2020-05-12 20:06:43.5570 INFO ORDER001@@system1@0047@20004@ZD_001@NYBOT@OrdRejectReason(Tag103):11-Price is not multiple of increment price@@&@ZD_001@system1@@1000036@@1@1@NYBOT@DX_P2012 75.5000@1@1@0.602@0@@1@1@@2020-05-12@12:06:44@@@@@@@@@@@@
2020-05-12 20:06:53.9220 INFO ORDER001@@system1@0047@00000@ZD_001@NYBOT@@@&@ZD_001@system1@@1000037@1000037@1@@NYBOT@DX_P2012 75.5000@1@1@0.6@0@@1@1@@2020-05-12@12:06:55@@@@@@1@@@@@@
2020-05-12 20:06:59.9790 INFO ORDER001@@system1@0047@00000@ZD_001@NYBOT@@@&@ZD_001@system1@@1000038@1000038@1@@NYBOT@DX_P2012 75.5000@1@1@0.595@0@@1@1@@2020-05-12@12:07:01@@@@@@1@@@@@@
2020-05-12 20:07:15.0780 INFO CANCST01@@system1@0047@00000@ZD_001@NYBOT@@@&@ZD_001@system1@1000037@1000037@NYBOT@DX_P2012 75.5000@1@1@0.6@0@0@@1@@2020-05-12@12:07:16@@@
2020-05-12 20:10:10.2900 INFO TradeApp::Start() called
2020-05-12 20:10:10.4310 INFO ## OnCreate: FIX.4.2:ZDDEV->TTORDER
2020-05-12 20:10:15.9640 INFO ==OnLogon: FIX.4.2:ZDDEV->TTORDER==
2020-05-12 20:10:27.4670 INFO CANCST01@@@0047@20014@@ICE@Order:1000038, Not Found!@@&@@@1000038@@@@@@@@@@@@@@@@
2020-05-12 20:10:27.4980 INFO CancelOrder 订单没找到：@@@@@@1000038@ICE@DX_P2012 75.5@1@1@0.595@@@2@@
2020-05-12 20:10:41.1320 INFO ORDER001@@system1@0047@00000@ZD_001@NYBOT@@@&@ZD_001@system1@@1000036@1000036@1@@NYBOT@DX_P2012 75.5@1@1@0.595@0@@1@1@@2020-05-12@12:10:42@@@@@@1@@@@@@
2020-05-12 20:10:56.3310 INFO TradeApp::Stop() called
2020-05-12 20:10:57.1880 INFO ==OnLogout: FIX.4.2:ZDDEV->TTORDER==
2020-05-12 20:11:33.0010 INFO TradeApp::Start() called
2020-05-12 20:11:33.4200 INFO ## OnCreate: FIX.4.2:ZDDEV->TTORDER
2020-05-12 20:11:39.0200 INFO ==OnLogon: FIX.4.2:ZDDEV->TTORDER==
2020-05-12 20:12:37.1880 INFO ORDER001@@system1@0047@00000@ZD_001@NYBOT@@@&@ZD_001@system1@@1000037@1000037@1@@NYBOT@DX_P2012 75.5@1@1@0.595@0@@1@1@@2020-05-12@12:12:38@@@@@@1@@@@@@
2020-05-12 20:12:50.0880 INFO CANCST01@@@0047@20014@@ICE@Order:1000036, Not Found!@@&@@@1000036@@@@@@@@@@@@@@@@
2020-05-12 20:12:50.0960 INFO CancelOrder 订单没找到：@@@@@@1000036@ICE@DX_P2012 75.5@1@1@0.595@@@2@@
2020-05-12 20:14:04.0680 INFO TradeApp::Stop() called
2020-05-12 20:14:05.1130 INFO ==OnLogout: FIX.4.2:ZDDEV->TTORDER==
2020-05-12 20:15:18.4660 INFO TradeApp::Start() called
2020-05-12 20:15:18.8370 INFO ## OnCreate: FIX.4.2:ZDDEV->TTORDER
2020-05-12 20:15:24.4390 INFO ==OnLogon: FIX.4.2:ZDDEV->TTORDER==
2020-05-12 20:16:22.3190 INFO ORDER001@@system1@0047@20004@ZD_001@NYBOT@OrdRejectReason(Tag103):6-Duplicate ClOrdID(11)@@&@ZD_001@system1@@1000038@@1@1@NYBOT@DX_P2012 75.500@1@1@0.595@0@@1@1@@2020-05-12@04:16:23@@@@@@@@@@@@
2020-05-12 20:16:31.4780 INFO ORDER001@@system1@0047@00000@ZD_001@NYBOT@@@&@ZD_001@system1@@1000039@1000039@1@@NYBOT@DX_P2012 75.500@1@1@0.595@0@@1@1@@2020-05-12@12:16:32@@@@@@2@@@@@@
2020-05-12 20:16:39.9940 INFO TradeApp::Stop() called
2020-05-12 20:16:40.5610 INFO ==OnLogout: FIX.4.2:ZDDEV->TTORDER==
2020-05-12 20:17:26.7680 INFO TradeApp::Start() called
2020-05-12 20:17:27.0490 INFO ## OnCreate: FIX.4.2:ZDDEV->TTORDER
2020-05-12 20:17:32.8740 INFO ==OnLogon: FIX.4.2:ZDDEV->TTORDER==
2020-05-12 20:18:20.7110 INFO CANCST01@@system1@0047@00000@ZD_001@NYBOT@@@&@ZD_001@system1@1000039@1000039@NYBOT@DX_P2012 75.500@1@1@0.595@0@0@@1@@2020-05-12@12:18:22@@@
2020-05-12 20:18:28.6060 INFO ORDER001@@system1@0047@00000@ZD_001@NYBOT@@@&@ZD_001@system1@@1000041@1000041@1@@NYBOT@DX_P2012 75.5@1@1@0.595@0@@1@1@@2020-05-12@12:18:30@@@@@@1@@@@@@
2020-05-12 20:18:42.7060 INFO MODIFY01@@system1@0047@00000@ZD_001@NYBOT@@@&@ZD_001@system1@@1000041@1000041@@@NYBOT@DX_P2012 75.5@1@2@0.595@0@@1@1@@2020-05-12@12:18:44@@@@@@1@@@@@@
2020-05-12 20:18:54.9120 INFO ORDER001@@system1@0047@00000@ZD_001@NYBOT@@@&@ZD_001@system1@@1000043@1000043@1@@NYBOT@DX_P2012 75.500@1@2@0.595@0@@1@1@@2020-05-12@12:18:56@@@@@@1@@@@@@
2020-05-12 20:19:08.5040 INFO MODIFY01@@system1@0047@00000@ZD_001@NYBOT@@@&@ZD_001@system1@@1000043@1000043@@@NYBOT@DX_P2012 75.500@1@1@0.595@0@@1@1@@2020-05-12@12:19:09@@@@@@1@@@@@@
2020-05-12 20:19:15.1000 INFO ORDER001@@system1@0047@00000@ZD_001@NYBOT@@@&@ZD_001@system1@@1000045@1000045@1@@NYBOT@DX_P2012 75.500@1@1@0.595@0@@1@1@@2020-05-12@12:19:16@@@@@@1@@@@@@
2020-05-12 20:19:17.1610 INFO ORDER001@@system1@0047@00000@ZD_001@NYBOT@@@&@ZD_001@system1@@1000046@1000046@1@@NYBOT@DX_P2012 75.500@1@1@0.595@0@@1@1@@2020-05-12@12:19:18@@@@@@1@@@@@@
2020-05-12 20:19:37.5600 INFO ORDER001@@system1@0047@00000@ZD_001@NYBOT@@@&@ZD_001@system1@@1000047@1000047@1@@NYBOT@DX_P2012 75.500@1@13@0.595@0@@1@1@@2020-05-12@12:19:38@@@@@@2@@@@@@
2020-05-12 20:19:44.7310 INFO TradeApp::Stop() called
2020-05-12 20:19:45.6360 INFO ==OnLogout: FIX.4.2:ZDDEV->TTORDER==
2020-05-12 20:21:16.6610 INFO TradeApp::Start() called
2020-05-12 20:21:16.7270 INFO ## OnCreate: FIX.4.2:ZDDEV->TTORDER
2020-05-12 20:21:22.2190 INFO ==OnLogon: FIX.4.2:ZDDEV->TTORDER==
2020-05-12 20:21:58.9400 INFO MODIFY01@@system1@0047@00000@ZD_001@NYBOT@@@&@ZD_001@system1@@1000047@1000047@@@NYBOT@DX_P2012 75.500@1@6@0.595@0@@1@1@@2020-05-12@12:22:00@@@@@@2@@@@@@
2020-05-12 20:22:16.4770 INFO CANCST01@@system1@0047@00000@ZD_001@NYBOT@@@&@ZD_001@system1@1000047@1000047@NYBOT@DX_P2012 75.500@1@6@0.595@0@0@@1@@2020-05-12@12:22:17@@@
