2020-04-30 09:27:03.0398 INFO ORDER001@@system1@0047@00000@ZD_001@ICE@@@&@ZD_001@system1@@1000016@1000016@1@@ICE@BRN2006@1@1@59.3@0@@1@1@@2020-04-30@01:27:11@@@@@@1@@@@@@
2020-04-30 09:27:14.5378 INFO TradeApp::Stop() called
2020-04-30 09:27:15.1238 INFO ==OnLogout: FIX.4.2:ZDDEV->TTORDER==
2020-04-30 09:27:26.2668 INFO TradeApp::Start() called
2020-04-30 09:27:26.3678 INFO ## OnCreate: FIX.4.2:ZDDEV->TTORDER
2020-04-30 09:27:32.3548 INFO ==OnLogon: FIX.4.2:ZDDEV->TTORDER==
2020-04-30 09:28:09.6308 INFO ORDER001@@system1@0047@00000@ZD_001@ICE@@@&@ZD_001@system1@@1000017@1000017@1@@ICE@BRN2006@1@1@59.3@0@@1@1@@2020-04-30@01:28:17@@@@@@1@@@@@@
2020-04-30 09:31:02.8328 INFO TradeApp::Stop() called
2020-04-30 09:31:03.7438 INFO ==OnLogout: FIX.4.2:ZDDEV->TTORDER==
2020-04-30 09:45:05.3398 INFO TradeApp::Start() called
2020-04-30 09:45:05.5828 INFO ## OnCreate: FIX.4.2:ZDDEV->TTORDER
2020-04-30 09:45:12.7418 INFO ==OnLogon: FIX.4.2:ZDDEV->TTORDER==
2020-04-30 09:45:35.6438 INFO ORDER001@@system1@0047@00000@ZD_001@ICE@@@&@ZD_001@system1@@1000018@1000018@1@@ICE@BRN2006@1@1@59.3@0@@1@1@@2020-04-30@01:45:43@@@@@@1@@@@@@
2020-04-30 09:45:39.9358 INFO ORDER001@@system1@0047@00000@ZD_001@ICE@@@&@ZD_001@system1@@1000019@1000019@1@@ICE@BRN2006@2@1@59.3@0@@1@1@@2020-04-30@01:45:47@@@@@@1@@@@@@
2020-04-30 09:45:39.9888 INFO FILCST01@@@0047@00000@ZD_001@ICE@@@&@ZD_001@6ks5roGK2BK2OdoWdPVZ0@1000019@system1@@ICE@BRN2006@2@1@59.3@2020-04-30@01:45:47@@@@@@@@@
2020-04-30 09:47:59.6838 INFO TradeApp::Stop() called
2020-04-30 09:47:59.9718 INFO ==OnLogout: FIX.4.2:ZDDEV->TTORDER==
2020-04-30 10:20:22.5408 INFO TradeApp::Start() called
2020-04-30 10:20:22.8298 INFO ## OnCreate: FIX.4.2:ZDDEV->TTORDER
2020-04-30 10:20:29.2668 INFO ==OnLogon: FIX.4.2:ZDDEV->TTORDER==
2020-04-30 10:20:59.5928 INFO ORDER001@@system1@0047@20004@ZD_001@XEurex@OrdRejectReason(Tag103):20-No available exchange connection; no matching type@@&@ZD_001@system1@@1000020@@1@1@XEurex@FOAT2006@1@1@14@0@@1@1@@2020-04-30@02:21:07@@@@@@@@@@@@
2020-04-30 10:21:34.3908 INFO TradeApp::Stop() called
2020-04-30 10:21:35.2088 INFO ==OnLogout: FIX.4.2:ZDDEV->TTORDER==
2020-04-30 14:07:24.6678 INFO TradeApp::Start() called
2020-04-30 14:07:24.8808 INFO ## OnCreate: FIX.4.2:ZDDEV->TTORDER
2020-04-30 14:07:30.9388 INFO ==OnLogon: FIX.4.2:ZDDEV->TTORDER==
2020-04-30 14:08:11.3338 INFO ORDER001@@system1@0047@20004@ZD_001@XEurex@OrdRejectReason(Tag103):20-No available exchange connection; no matching type@@&@ZD_001@system1@@1000021@@1@1@XEurex@FOAT2006@1@1@14@0@@1@1@@2020-04-30@06:08:19@@@@@@@@@@@@
2020-04-30 14:13:26.0098 INFO ORDER001@@system1@0047@20004@ZD_001@XEurex@OrdRejectReason(Tag103):20-No available exchange connection; no matching type@@&@ZD_001@system1@@1000022@@1@1@XEurex@FOAT2006@1@1@14@0@@1@1@@2020-04-30@06:13:34@@@@@@@@@@@@
2020-04-30 14:13:37.0718 INFO TradeApp::Stop() called
2020-04-30 14:13:38.0948 INFO ==OnLogout: FIX.4.2:ZDDEV->TTORDER==
2020-04-30 14:59:06.8698 INFO TradeApp::Start() called
2020-04-30 14:59:06.9708 INFO ## OnCreate: FIX.4.2:ZDDEV->TTORDER
2020-04-30 14:59:16.2538 INFO ==OnLogon: FIX.4.2:ZDDEV->TTORDER==
2020-04-30 14:59:40.0338 INFO ORDER001@@system1@0047@00000@ZD_001@ICE@@@&@ZD_001@system1@@1000023@1000023@1@@ICE@BRN2006@1@1@59.3@0@@1@1@@2020-04-30@06:59:48@@@@@@1@@@@@@
2020-04-30 14:59:40.0508 INFO FILCST01@@@0047@00000@ZD_001@ICE@@@&@ZD_001@7K56eaTEWqKCjPz6kKHVoj@1000023@system1@@ICE@BRN2006@1@1@59.3@2020-04-30@06:59:48@@@@@@@@@
2020-04-30 14:59:47.5808 INFO ORDER001@@system1@0047@00000@ZD_001@ICE@@@&@ZD_001@system1@@1000024@1000024@1@@ICE@BRN2006@1@1@57.3@0@@1@1@@2020-04-30@06:59:55@@@@@@1@@@@@@
2020-04-30 14:59:52.4358 INFO ORDER001@@system1@0047@00000@ZD_001@ICE@@@&@ZD_001@system1@@1000025@1000025@1@@ICE@BRN2006@2@1@57.3@0@@1@1@@2020-04-30@07:00:00@@@@@@1@@@@@@
2020-04-30 14:59:52.4358 INFO FILCST01@@@0047@00000@ZD_001@ICE@@@&@ZD_001@L3bi0X8FOoQH2yLv6IFvkF@1000025@system1@@ICE@BRN2006@2@1@58@2020-04-30@07:00:00@@@@@@@@@
2020-04-30 15:01:19.9208 INFO ORDER001@@system1@0047@00000@ZD_001@ICE@@@&@ZD_001@system1@@1000026@1000026@1@@ICE@BRN2006@2@1@57.3@0@@1@1@@2020-04-30@07:01:28@@@@@@1@@@@@@
2020-04-30 15:01:19.9208 INFO FILCST01@@@0047@00000@ZD_001@ICE@@@&@ZD_001@IebDxPbaD4BK3i3rJEeMI2@1000026@system1@@ICE@BRN2006@2@1@58@2020-04-30@07:01:28@@@@@@@@@
2020-04-30 15:01:20.0738 INFO ORDER001@@system1@0047@00000@ZD_001@ICE@@@&@ZD_001@system1@@1000027@1000027@1@@ICE@BRN2006@2@1@57.3@0@@1@1@@2020-04-30@07:01:28@@@@@@1@@@@@@
2020-04-30 15:01:20.0738 INFO FILCST01@@@0047@00000@ZD_001@ICE@@@&@ZD_001@GA3oqnHp8Jh5HAq8Uf6kI2@1000027@system1@@ICE@BRN2006@2@1@58@2020-04-30@07:01:28@@@@@@@@@
2020-04-30 15:02:04.3728 INFO ORDER001@@system1@0047@00000@ZD_001@ICE@@@&@ZD_001@system1@@1000028@1000028@1@@ICE@BRN2006@1@1@57.3@0@@1@1@@2020-04-30@07:02:12@@@@@@1@@@@@@
2020-04-30 15:02:20.8428 INFO ORDER001@@system1@0047@00000@ZD_001@ICE@@@&@ZD_001@system1@@1000029@1000029@1@@ICE@BRN2006@2@1@57.3@0@@1@1@@2020-04-30@07:02:28@@@@@@1@@@@@@
2020-04-30 15:02:20.8428 INFO FILCST01@@@0047@00000@ZD_001@ICE@@@&@ZD_001@Jwaj2rGupeIEG0RxQDALyr@1000029@system1@@ICE@BRN2006@2@1@58@2020-04-30@07:02:28@@@@@@@@@
2020-04-30 15:04:12.6438 INFO TradeApp::Stop() called
2020-04-30 15:04:12.8858 INFO ==OnLogout: FIX.4.2:ZDDEV->TTORDER==
2020-04-30 15:09:31.8898 INFO TradeApp::Start() called
2020-04-30 15:09:32.0518 INFO ## OnCreate: FIX.4.2:ZDDEV->TTORDER
2020-04-30 15:09:47.9488 INFO ==OnLogon: FIX.4.2:ZDDEV->TTORDER==
2020-04-30 15:10:08.2948 INFO ORDER001@@system1@0047@20004@ZD_123456@ICE@OrdRejectReason(Tag103):99-Recovery is not complete@@&@ZD_123456@system1@@1000030@@1@1@ICE@BRN2006@1@1@57.3@0@@1@1@@2020-04-29@23:10:15@@@@@@@@@@@@
2020-04-30 15:10:12.7808 INFO ORDER001@@system1@0047@20004@ZD_123456@ICE@OrdRejectReason(Tag103):11-Missing field. Tag 9195@@&@ZD_123456@system1@@1000031@@1@1@ICE@BRN2006@1@1@57.3@0@@1@1@@2020-04-30@07:10:20@@@@@@@@@@@@
2020-04-30 15:20:37.1068 INFO ORDER001@@system1@0047@00000@ZD_123456@ICE@@@&@ZD_123456@system1@@1000032@1000032@1@@ICE@BRN2006@1@1@57.3@0@@1@1@@2020-04-30@07:20:45@@@@@@1@@@@@@
2020-04-30 15:20:41.9278 INFO ORDER001@@system1@0047@00000@ZD_123456@ICE@@@&@ZD_123456@system1@@1000033@1000033@1@@ICE@BRN2006@2@1@57.3@0@@1@1@@2020-04-30@07:20:50@@@@@@1@@@@@@
2020-04-30 15:20:41.9628 INFO CANCST01@@system1@0047@00000@ZD_123456@ICE@@@&@ZD_123456@system1@1000032@1000032@ICE@BRN2006@1@1@57.3@0@0@@1@@2020-04-30@07:20:50@@@
2020-04-30 15:20:42.0018 INFO FILCST01@@@0047@00000@ZD_123456@ICE@@@&@ZD_123456@9YEI4k9yvrj8Sm1jPIiXmx@1000033@system1@@ICE@BRN2006@2@1@58@2020-04-30@07:20:50@@@@@@@@@
2020-04-30 15:21:09.2998 INFO ORDER001@@system1@0047@00000@ZD_123456@ICE@@@&@ZD_123456@system1@@1000034@1000034@1@@ICE@BRN2006@1@1@57.3@0@@1@1@@2020-04-30@07:21:17@@@@@@1@@@@@@
2020-04-30 15:21:12.2158 INFO ORDER001@@system1@0047@00000@ZD_123456@ICE@@@&@ZD_123456@system1@@1000035@1000035@1@@ICE@BRN2006@2@1@57.3@0@@1@1@@2020-04-30@07:21:20@@@@@@1@@@@@@
2020-04-30 15:21:12.2408 INFO CANCST01@@system1@0047@00000@ZD_123456@ICE@@@&@ZD_123456@system1@1000034@1000034@ICE@BRN2006@1@1@57.3@0@0@@1@@2020-04-30@07:21:20@@@
2020-04-30 15:21:12.2698 INFO FILCST01@@@0047@00000@ZD_123456@ICE@@@&@ZD_123456@LZU1YiBMobjCJ1xcNoxaZI@1000035@system1@@ICE@BRN2006@2@1@58@2020-04-30@07:21:20@@@@@@@@@
2020-04-30 15:25:24.2768 INFO TradeApp::Stop() called
2020-04-30 15:25:24.6418 INFO ==OnLogout: FIX.4.2:ZDDEV->TTORDER==
